<?xml version="1.0" encoding="UTF-8"?>
<!-- Generated by org.testng.reporters.JUnitReportReporter -->
<testsuite hostname="LAPTOP-T68AKTGQ" failures="0" tests="5" name="testCases.TC_003_LoginDDT" time="38.556" errors="0" timestamp="2024-04-07T12:56:17 IST" skipped="0">
  <testcase classname="testCases.TC_003_LoginDDT" name="verify_loginDDT" time="10.962"/>
  <testcase classname="testCases.TC_003_LoginDDT" name="verify_loginDDT" time="2.298"/>
  <testcase classname="testCases.TC_003_LoginDDT" name="verify_loginDDT" time="11.037"/>
  <testcase classname="testCases.TC_003_LoginDDT" name="verify_loginDDT" time="11.065"/>
  <testcase classname="testCases.TC_003_LoginDDT" name="verify_loginDDT" time="3.194"/>
</testsuite> <!-- testCases.TC_003_LoginDDT -->
