<?xml version="1.0" encoding="UTF-8"?>
<!-- Generated by org.testng.reporters.JUnitReportReporter -->
<testsuite hostname="LAPTOP-T68AKTGQ" failures="0" tests="1" name="testCases.TC_002_LoginTest" time="14.327" errors="0" timestamp="2024-04-07T12:56:17 IST" skipped="0">
  <testcase classname="testCases.TC_002_LoginTest" name="verify_login" time="14.327"/>
</testsuite> <!-- testCases.TC_002_LoginTest -->
