<?xml version="1.0" encoding="UTF-8"?>
<!-- Generated by org.testng.reporters.JUnitReportReporter -->
<testsuite hostname="LAPTOP-T68AKTGQ" failures="0" tests="1" name="testCases.TC_002_LoginTest" time="15.347" errors="0" timestamp="2024-04-08T01:14:30 IST" skipped="0">
  <testcase classname="testCases.TC_002_LoginTest" name="verify_login" time="15.347"/>
</testsuite> <!-- testCases.TC_002_LoginTest -->
