<?xml version="1.0" encoding="UTF-8"?>
<!-- Generated by org.testng.reporters.JUnitReportReporter -->
<testsuite hostname="LAPTOP-T68AKTGQ" failures="0" tests="1" name="testCases.TC_001_AccountRegistrationTest" time="3.766" errors="0" timestamp="2024-04-08T01:14:30 IST" skipped="0">
  <testcase classname="testCases.TC_001_AccountRegistrationTest" name="verify_account_registration" time="3.766"/>
</testsuite> <!-- testCases.TC_001_AccountRegistrationTest -->
