<?xml version="1.0" encoding="UTF-8"?>
<!-- Generated by org.testng.reporters.JUnitReportReporter -->
<testsuite hostname="LAPTOP-T68AKTGQ" failures="0" tests="5" name="testCases.TC_003_LoginDDT" time="38.641" errors="0" timestamp="2024-04-08T01:14:30 IST" skipped="0">
  <testcase classname="testCases.TC_003_LoginDDT" name="verify_loginDDT" time="2.266"/>
  <testcase classname="testCases.TC_003_LoginDDT" name="verify_loginDDT" time="11.024"/>
  <testcase classname="testCases.TC_003_LoginDDT" name="verify_loginDDT" time="10.964"/>
  <testcase classname="testCases.TC_003_LoginDDT" name="verify_loginDDT" time="3.302"/>
  <testcase classname="testCases.TC_003_LoginDDT" name="verify_loginDDT" time="11.085"/>
</testsuite> <!-- testCases.TC_003_LoginDDT -->
